==============================
Tue Oct 21 21:40:10 CST 2025: Iniciando respaldo automático
Tue Oct 21 21:40:10 CST 2025: Respaldo de DIR1 completado
Tue Oct 21 21:40:10 CST 2025: Carpetas A y B creadas en DIR2
Tue Oct 21 21:40:10 CST 2025: Carpetas viejas (>6h) eliminadas en DIR2
Tue Oct 21 21:40:10 CST 2025: Respaldo de DIR3 completado y limpieza de archivos >1 día
Tue Oct 21 21:40:10 CST 2025: Tarea finalizada
==============================
==============================
==============================
==============================
Wed Oct 22 00:00:01 CST 2025: Iniciando respaldo automático
Wed Oct 22 00:00:01 CST 2025: Iniciando respaldo automático
Wed Oct 22 00:00:01 CST 2025: Iniciando respaldo automático
Wed Oct 22 00:00:01 CST 2025: Respaldo de DIR1 completado
Wed Oct 22 00:00:01 CST 2025: Respaldo de DIR1 completado
Wed Oct 22 00:00:01 CST 2025: Respaldo de DIR1 completado
Wed Oct 22 00:00:01 CST 2025: Carpetas A y B creadas en DIR2
Wed Oct 22 00:00:01 CST 2025: Carpetas A y B creadas en DIR2
Wed Oct 22 00:00:01 CST 2025: Carpetas A y B creadas en DIR2
Wed Oct 22 00:00:01 CST 2025: Carpetas viejas (>6h) eliminadas en DIR2
Wed Oct 22 00:00:01 CST 2025: Carpetas viejas (>6h) eliminadas en DIR2
Wed Oct 22 00:00:01 CST 2025: Carpetas viejas (>6h) eliminadas en DIR2
Wed Oct 22 00:00:01 CST 2025: Respaldo de DIR3 completado y limpieza de archivos >1 día
Wed Oct 22 00:00:01 CST 2025: Respaldo de DIR3 completado y limpieza de archivos >1 día
Wed Oct 22 00:00:01 CST 2025: Respaldo de DIR3 completado y limpieza de archivos >1 día
Wed Oct 22 00:00:01 CST 2025: Tarea finalizada
==============================
Wed Oct 22 00:00:01 CST 2025: Tarea finalizada
==============================
Wed Oct 22 00:00:01 CST 2025: Tarea finalizada
==============================
==============================
Wed Oct 22 17:25:28 CST 2025: Iniciando respaldo automático
Wed Oct 22 17:25:28 CST 2025: Respaldo de DIR1 completado
Wed Oct 22 17:25:28 CST 2025: Carpetas A y B creadas en DIR2
Wed Oct 22 17:25:28 CST 2025: Carpetas viejas (>6h) eliminadas en DIR2
Wed Oct 22 17:25:28 CST 2025: Respaldo de DIR3 completado y limpieza de archivos >1 día
Wed Oct 22 17:25:28 CST 2025: Tarea finalizada
==============================
==============================
Wed Oct 22 18:00:01 CST 2025: Iniciando respaldo automático
Wed Oct 22 18:00:01 CST 2025: Respaldo de DIR1 completado
Wed Oct 22 18:00:01 CST 2025: Carpetas A y B creadas en DIR2
Wed Oct 22 18:00:01 CST 2025: Carpetas viejas (>6h) eliminadas en DIR2
Wed Oct 22 18:00:01 CST 2025: Respaldo de DIR3 completado y limpieza de archivos >1 día
Wed Oct 22 18:00:01 CST 2025: Tarea finalizada
==============================
==============================
==============================
==============================
Thu Oct 23 00:00:01 CST 2025: Iniciando respaldo automático
Thu Oct 23 00:00:01 CST 2025: Iniciando respaldo automático
Thu Oct 23 00:00:01 CST 2025: Iniciando respaldo automático
Thu Oct 23 00:00:01 CST 2025: Respaldo de DIR1 completado
Thu Oct 23 00:00:01 CST 2025: Respaldo de DIR1 completado
Thu Oct 23 00:00:01 CST 2025: Respaldo de DIR1 completado
Thu Oct 23 00:00:02 CST 2025: Carpetas A y B creadas en DIR2
Thu Oct 23 00:00:02 CST 2025: Carpetas A y B creadas en DIR2
Thu Oct 23 00:00:02 CST 2025: Carpetas A y B creadas en DIR2
Thu Oct 23 00:00:02 CST 2025: Carpetas viejas (>6h) eliminadas en DIR2
Thu Oct 23 00:00:02 CST 2025: Carpetas viejas (>6h) eliminadas en DIR2
Thu Oct 23 00:00:02 CST 2025: Carpetas viejas (>6h) eliminadas en DIR2
Thu Oct 23 00:00:02 CST 2025: Respaldo de DIR3 completado y limpieza de archivos >1 día
Thu Oct 23 00:00:02 CST 2025: Respaldo de DIR3 completado y limpieza de archivos >1 día
Thu Oct 23 00:00:02 CST 2025: Respaldo de DIR3 completado y limpieza de archivos >1 día
Thu Oct 23 00:00:02 CST 2025: Tarea finalizada
Thu Oct 23 00:00:02 CST 2025: Tarea finalizada
==============================
==============================
Thu Oct 23 00:00:02 CST 2025: Tarea finalizada
==============================
==============================
Thu Oct 23 08:16:12 CST 2025: Iniciando respaldo automático
Thu Oct 23 08:16:12 CST 2025: Respaldo de DIR1 completado
Thu Oct 23 08:16:12 CST 2025: Carpetas A y B creadas en DIR2
Thu Oct 23 08:16:12 CST 2025: Carpetas viejas (>6h) eliminadas en DIR2
Thu Oct 23 08:16:12 CST 2025: Respaldo de DIR3 completado y limpieza de archivos >1 día
Thu Oct 23 08:16:12 CST 2025: Tarea finalizada
==============================
==============================
Thu Oct 23 08:17:21 CST 2025: Iniciando respaldo automático
Thu Oct 23 08:17:21 CST 2025: Respaldo de DIR1 completado
Thu Oct 23 08:17:21 CST 2025: Carpetas A y B creadas en DIR2
Thu Oct 23 08:17:21 CST 2025: Carpetas viejas (>6h) eliminadas en DIR2
Thu Oct 23 08:17:21 CST 2025: Respaldo de DIR3 completado y limpieza de archivos >1 día
Thu Oct 23 08:17:21 CST 2025: Tarea finalizada
==============================
==============================
Thu Oct 23 16:00:01 CST 2025: Iniciando respaldo automático
Thu Oct 23 16:00:01 CST 2025: Respaldo de DIR1 completado
Thu Oct 23 16:00:01 CST 2025: Carpetas A y B creadas en DIR2
Thu Oct 23 16:00:01 CST 2025: Carpetas viejas (>6h) eliminadas en DIR2
Thu Oct 23 16:00:01 CST 2025: Respaldo de DIR3 completado y limpieza de archivos >1 día
Thu Oct 23 16:00:01 CST 2025: Tarea finalizada
==============================
