tar: Removing leading `/' from member names
tar: Removing leading `/' from member names
tar: Removing leading `/' from member names
tar: tar: Removing leading `/' from member namesRemoving leading `/' from member names

tar: Removing leading `/' from member names
tar: Removing leading `/' from member names
tar: Removing leading `/' from member names
tar: tar: Removing leading `/' from member namesRemoving leading `/' from member names

tar: Removing leading `/' from member names
find: ‘/home/alexis/canny/dir2/carpetaA_2025-10-22_17-25’: No such file or directory
find: ‘/home/alexis/canny/dir2/carpetaA_2025-10-22_17-25’: No such file or directory
find: ‘/home/alexis/canny/dir2/carpetaA_2025-10-22_17-25’: No such file or directory
find: find: ‘/home/alexis/canny/dir2/carpetaB_2025-10-22_17-25’‘/home/alexis/canny/dir2/carpetaB_2025-10-22_17-25’: No such file or directory: No such file or directory

find: ‘/home/alexis/canny/dir2/carpetaB_2025-10-22_17-25’: No such file or directory
find: find: ‘/home/alexis/canny/dir2/carpetaB_2025-10-22_18-00’‘/home/alexis/canny/dir2/carpetaB_2025-10-22_18-00’: No such file or directory: No such file or directory

find: ‘/home/alexis/canny/dir2/carpetaB_2025-10-22_18-00’: No such file or directory
find: ‘/home/alexis/canny/dir2/carpetaA_2025-10-22_18-00’: No such file or directory
find: ‘/home/alexis/canny/dir2/carpetaA_2025-10-22_18-00’: No such file or directory
find: ‘/home/alexis/canny/dir2/carpetaA_2025-10-22_18-00’: No such file or directory
tar: Removing leading `/' from member names
tar: Removing leading `/' from member names
tar: Removing leading `/' from member names
tar: Removing leading `/' from member names
find: ‘/home/alexis/canny/dir2/carpetaA_2025-10-23_08-16’: No such file or directory
find: ‘/home/alexis/canny/dir2/carpetaA_2025-10-23_08-17’: No such file or directory
find: ‘/home/alexis/canny/dir2/carpetaB_2025-10-23_08-17’: No such file or directory
find: ‘/home/alexis/canny/dir2/carpetaB_2025-10-23_08-16’: No such file or directory
tar: Removing leading `/' from member names
